This file contains any messages produced by compilers while
running configure, to aid debugging if configure makes a mistake.

It was created by ICU configure 73.2, which was
generated by GNU Autoconf 2.69.  Invocation command line was

  $ /tmp/icu-build/icu/source/configure --prefix=/tmp/icu-build/icu-dist --with-data-packaging=library --enable-shared --disable-static --disable-samples --disable-tests --disable-extras ICU_DATA_FILTER_FILE=/tmp/icu-build/icu_filter.json

## --------- ##
## Platform. ##
## --------- ##

hostname = fedora
uname -m = x86_64
uname -r = 6.19.10-200.fc43.x86_64
uname -s = Linux
uname -v = #1 SMP PREEMPT_DYNAMIC Wed Mar 25 16:09:19 UTC 2026

/usr/bin/uname -p = unknown
/bin/uname -X     = unknown

/bin/arch              = x86_64
/usr/bin/arch -k       = unknown
/usr/convex/getsysinfo = unknown
/usr/bin/hostinfo      = unknown
/bin/machine           = unknown
/usr/bin/oslevel       = unknown
/bin/universe          = unknown

PATH: /home/jvanery/.opencode/bin
PATH: /home/jvanery/.linuxbrew/bin
PATH: /home/jvanery/.linuxbrew/sbin
PATH: /home/jvanery/.npm-global/bin
PATH: /home/jvanery/.cargo/bin
PATH: /home/jvanery/.opencode/bin
PATH: /home/jvanery/.linuxbrew/bin
PATH: /home/jvanery/.linuxbrew/sbin
PATH: /home/jvanery/.npm-global/bin
PATH: /home/jvanery/.local/bin
PATH: /home/jvanery/bin
PATH: /usr/local/bin
PATH: /usr/bin


## ----------- ##
## Core tests. ##
## ----------- ##

configure:2706: checking for ICU version numbers
configure:2739: result: release 73.2, library 73.2, unicode version 15.0
configure:2778: checking build system type
configure:2792: result: x86_64-pc-linux-gnu
configure:2812: checking host system type
configure:2825: result: x86_64-pc-linux-gnu
configure:2883: checking whether to build debug libraries
configure:2895: result: no
configure:2900: checking whether to build release libraries
configure:2912: result: yes
configure:3033: checking for C compiler version
configure:3042: /usr/bin/cc --version >&5
cc (GCC) 15.2.1 20260123 (Red Hat 15.2.1-7)
Copyright (C) 2025 Free Software Foundation, Inc.
This is free software; see the source for copying conditions.  There is NO
warranty; not even for MERCHANTABILITY or FITNESS FOR A PARTICULAR PURPOSE.

configure:3053: $? = 0
configure:3042: /usr/bin/cc -v >&5
Using built-in specs.
COLLECT_GCC=/usr/bin/cc
COLLECT_LTO_WRAPPER=/usr/libexec/gcc/x86_64-redhat-linux/15/lto-wrapper
OFFLOAD_TARGET_NAMES=nvptx-none:amdgcn-amdhsa
OFFLOAD_TARGET_DEFAULT=1
Target: x86_64-redhat-linux
Configured with: ../configure --enable-bootstrap --enable-languages=c,c++,fortran,objc,obj-c++,ada,go,d,m2,cobol,lto --prefix=/usr --mandir=/usr/share/man --infodir=/usr/share/info --with-bugurl=https://bugzilla.redhat.com/ --enable-shared --enable-threads=posix --enable-checking=release --enable-multilib --with-system-zlib --enable-__cxa_atexit --disable-libunwind-exceptions --enable-gnu-unique-object --enable-linker-build-id --with-gcc-major-version-only --enable-libstdcxx-backtrace --with-libstdcxx-zoneinfo=/usr/share/zoneinfo --with-linker-hash-style=gnu --enable-plugin --enable-initfini-array --with-isl=/builddir/build/BUILD/gcc-15.2.1-build/gcc-15.2.1-20260123/obj-x86_64-redhat-linux/isl-install --enable-offload-targets=nvptx-none,amdgcn-amdhsa --enable-offload-defaulted --without-cuda-driver --enable-gnu-indirect-function --enable-cet --with-tune=generic --with-arch_32=i686 --build=x86_64-redhat-linux --with-build-config=bootstrap-lto --enable-link-serialization=1 --disable-libssp
Thread model: posix
Supported LTO compression algorithms: zlib zstd
gcc version 15.2.1 20260123 (Red Hat 15.2.1-7) (GCC) 
... rest of stderr output deleted ...
configure:3053: $? = 0
configure:3042: /usr/bin/cc -V >&5
cc: error: unrecognized command-line option '-V'
cc: fatal error: no input files
compilation terminated.
configure:3053: $? = 1
configure:3042: /usr/bin/cc -qversion >&5
cc: error: unrecognized command-line option '-qversion'; did you mean '--version'?
cc: fatal error: no input files
compilation terminated.
configure:3053: $? = 1
configure:3073: checking whether the C compiler works
configure:3095: /usr/bin/cc    conftest.c  >&5
configure:3099: $? = 0
configure:3147: result: yes
configure:3150: checking for C compiler default output file name
configure:3152: result: a.out
configure:3158: checking for suffix of executables
configure:3165: /usr/bin/cc -o conftest    conftest.c  >&5
configure:3169: $? = 0
configure:3191: result: 
configure:3213: checking whether we are cross compiling
configure:3221: /usr/bin/cc -o conftest    conftest.c  >&5
configure:3225: $? = 0
configure:3232: ./conftest
configure:3236: $? = 0
configure:3251: result: no
configure:3256: checking for suffix of object files
configure:3278: /usr/bin/cc -c   conftest.c >&5
configure:3282: $? = 0
configure:3303: result: o
configure:3307: checking whether we are using the GNU C compiler
configure:3326: /usr/bin/cc -c   conftest.c >&5
configure:3326: $? = 0
configure:3335: result: yes
configure:3344: checking whether /usr/bin/cc accepts -g
configure:3364: /usr/bin/cc -c -g  conftest.c >&5
configure:3364: $? = 0
configure:3405: result: yes
configure:3422: checking for /usr/bin/cc option to accept ISO C89
configure:3485: /usr/bin/cc  -c   conftest.c >&5
conftest.c: In function 'e':
conftest.c:15:14: warning: old-style function definition [-Wold-style-definition]
   15 | static char *e (p, i)
      |              ^
configure:3485: $? = 0
configure:3498: result: none needed
configure:3632: checking for C++ compiler version
configure:3641: /usr/bin/c++ --version >&5
/tmp/icu-build/icu/source/configure: line 3643: /usr/bin/c++: No such file or directory
configure:3652: $? = 127
configure:3641: /usr/bin/c++ -v >&5
/tmp/icu-build/icu/source/configure: line 3643: /usr/bin/c++: No such file or directory
configure:3652: $? = 127
configure:3641: /usr/bin/c++ -V >&5
/tmp/icu-build/icu/source/configure: line 3643: /usr/bin/c++: No such file or directory
configure:3652: $? = 127
configure:3641: /usr/bin/c++ -qversion >&5
/tmp/icu-build/icu/source/configure: line 3643: /usr/bin/c++: No such file or directory
configure:3652: $? = 127
configure:3656: checking whether we are using the GNU C++ compiler
configure:3675: /usr/bin/c++ -c   conftest.cpp >&5
/tmp/icu-build/icu/source/configure: line 1651: /usr/bin/c++: No such file or directory
configure:3675: $? = 127
configure: failed program was:
| /* confdefs.h */
| #define PACKAGE_NAME "ICU"
| #define PACKAGE_TARNAME "International Components for Unicode"
| #define PACKAGE_VERSION "73.2"
| #define PACKAGE_STRING "ICU 73.2"
| #define PACKAGE_BUGREPORT "http://icu-project.org/bugs"
| #define PACKAGE_URL "http://icu-project.org"
| /* end confdefs.h.  */
| 
| int
| main ()
| {
| #ifndef __GNUC__
|        choke me
| #endif
| 
|   ;
|   return 0;
| }
configure:3684: result: no
configure:3693: checking whether /usr/bin/c++ accepts -g
configure:3713: /usr/bin/c++ -c -g  conftest.cpp >&5
/tmp/icu-build/icu/source/configure: line 1651: /usr/bin/c++: No such file or directory
configure:3713: $? = 127
configure: failed program was:
| /* confdefs.h */
| #define PACKAGE_NAME "ICU"
| #define PACKAGE_TARNAME "International Components for Unicode"
| #define PACKAGE_VERSION "73.2"
| #define PACKAGE_STRING "ICU 73.2"
| #define PACKAGE_BUGREPORT "http://icu-project.org/bugs"
| #define PACKAGE_URL "http://icu-project.org"
| /* end confdefs.h.  */
| 
| int
| main ()
| {
| 
|   ;
|   return 0;
| }
configure:3728: /usr/bin/c++ -c   conftest.cpp >&5
/tmp/icu-build/icu/source/configure: line 1651: /usr/bin/c++: No such file or directory
configure:3728: $? = 127
configure: failed program was:
| /* confdefs.h */
| #define PACKAGE_NAME "ICU"
| #define PACKAGE_TARNAME "International Components for Unicode"
| #define PACKAGE_VERSION "73.2"
| #define PACKAGE_STRING "ICU 73.2"
| #define PACKAGE_BUGREPORT "http://icu-project.org/bugs"
| #define PACKAGE_URL "http://icu-project.org"
| /* end confdefs.h.  */
| 
| int
| main ()
| {
| 
|   ;
|   return 0;
| }
configure:3744: /usr/bin/c++ -c -g  conftest.cpp >&5
/tmp/icu-build/icu/source/configure: line 1651: /usr/bin/c++: No such file or directory
configure:3744: $? = 127
configure: failed program was:
| /* confdefs.h */
| #define PACKAGE_NAME "ICU"
| #define PACKAGE_TARNAME "International Components for Unicode"
| #define PACKAGE_VERSION "73.2"
| #define PACKAGE_STRING "ICU 73.2"
| #define PACKAGE_BUGREPORT "http://icu-project.org/bugs"
| #define PACKAGE_URL "http://icu-project.org"
| /* end confdefs.h.  */
| 
| int
| main ()
| {
| 
|   ;
|   return 0;
| }
configure:3754: result: no
configure:3833: checking for pkg-config
configure:3851: found /usr/bin/pkg-config
configure:3863: result: /usr/bin/pkg-config
configure:3888: checking pkg-config is at least version 0.20
configure:3891: result: yes
configure:3901: checking for ICULEHB
configure:3908: $PKG_CONFIG --exists --print-errors "icu-le-hb"
Package icu-le-hb was not found in the pkg-config search path.
Perhaps you should add the directory containing `icu-le-hb.pc'
to the PKG_CONFIG_PATH environment variable
Package 'icu-le-hb' not found
configure:3911: $? = 1
configure:3925: $PKG_CONFIG --exists --print-errors "icu-le-hb"
Package icu-le-hb was not found in the pkg-config search path.
Perhaps you should add the directory containing `icu-le-hb.pc'
to the PKG_CONFIG_PATH environment variable
Package 'icu-le-hb' not found
configure:3928: $? = 1
configure:3942: result: no
Package 'icu-le-hb' not found
configure:3997: checking how to run the C preprocessor
configure:4028: /usr/bin/cc -E  conftest.c
configure:4028: $? = 0
configure:4042: /usr/bin/cc -E  conftest.c
conftest.c:9:10: fatal error: ac_nonexistent.h: No such file or directory
    9 | #include <ac_nonexistent.h>
      |          ^~~~~~~~~~~~~~~~~~
compilation terminated.
configure:4042: $? = 1
configure: failed program was:
| /* confdefs.h */
| #define PACKAGE_NAME "ICU"
| #define PACKAGE_TARNAME "International Components for Unicode"
| #define PACKAGE_VERSION "73.2"
| #define PACKAGE_STRING "ICU 73.2"
| #define PACKAGE_BUGREPORT "http://icu-project.org/bugs"
| #define PACKAGE_URL "http://icu-project.org"
| /* end confdefs.h.  */
| #include <ac_nonexistent.h>
configure:4067: result: /usr/bin/cc -E
configure:4087: /usr/bin/cc -E  conftest.c
configure:4087: $? = 0
configure:4101: /usr/bin/cc -E  conftest.c
conftest.c:9:10: fatal error: ac_nonexistent.h: No such file or directory
    9 | #include <ac_nonexistent.h>
      |          ^~~~~~~~~~~~~~~~~~
compilation terminated.
configure:4101: $? = 1
configure: failed program was:
| /* confdefs.h */
| #define PACKAGE_NAME "ICU"
| #define PACKAGE_TARNAME "International Components for Unicode"
| #define PACKAGE_VERSION "73.2"
| #define PACKAGE_STRING "ICU 73.2"
| #define PACKAGE_BUGREPORT "http://icu-project.org/bugs"
| #define PACKAGE_URL "http://icu-project.org"
| /* end confdefs.h.  */
| #include <ac_nonexistent.h>
configure:4144: checking for a BSD-compatible install
configure:4212: result: /usr/bin/install -c
configure:4244: /usr/bin/c++ -o conftest  -O2   conftest.cpp  >&5
/tmp/icu-build/icu/source/configure: line 1726: /usr/bin/c++: No such file or directory
configure:4244: $? = 127
configure: failed program was:
| /* confdefs.h */
| #define PACKAGE_NAME "ICU"
| #define PACKAGE_TARNAME "International Components for Unicode"
| #define PACKAGE_VERSION "73.2"
| #define PACKAGE_STRING "ICU 73.2"
| #define PACKAGE_BUGREPORT "http://icu-project.org/bugs"
| #define PACKAGE_URL "http://icu-project.org"
| /* end confdefs.h.  */
| 
| int
| main ()
| {
| 
|   ;
|   return 0;
| }
configure:4274: checking for python3
configure:4290: found /usr/bin/python3
configure:4301: result: python3
configure:4319: checking for gmake
configure:4337: found /usr/bin/gmake
configure:4349: result: /usr/bin/gmake
configure:4394: checking for doxygen
configure:4428: result: no
configure:4448: checking checking for executable suffix
configure:4455: result: 
configure:4461: checking whether strict compiling is on
configure:4477: result: yes
configure:4527: checking for grep that handles long lines and -e
configure:4585: result: /usr/bin/grep
configure:4590: checking for egrep
configure:4652: result: /usr/bin/grep -E
configure:4657: checking for ANSI C header files
configure:4677: /usr/bin/cc -c  -O2 -std=c11 -Wall -pedantic -Wshadow -Wpointer-arith -Wmissing-prototypes -Wwrite-strings  conftest.c >&5
configure:4677: $? = 0
configure:4750: /usr/bin/cc -o conftest  -O2 -std=c11 -Wall -pedantic -Wshadow -Wpointer-arith -Wmissing-prototypes -Wwrite-strings   conftest.c  >&5
configure:4750: $? = 0
configure:4750: ./conftest
configure:4750: $? = 0
configure:4761: result: yes
configure:4774: checking for sys/types.h
configure:4774: /usr/bin/cc -c  -O2 -std=c11 -Wall -pedantic -Wshadow -Wpointer-arith -Wmissing-prototypes -Wwrite-strings  conftest.c >&5
configure:4774: $? = 0
configure:4774: result: yes
configure:4774: checking for sys/stat.h
configure:4774: /usr/bin/cc -c  -O2 -std=c11 -Wall -pedantic -Wshadow -Wpointer-arith -Wmissing-prototypes -Wwrite-strings  conftest.c >&5
configure:4774: $? = 0
configure:4774: result: yes
configure:4774: checking for stdlib.h
configure:4774: /usr/bin/cc -c  -O2 -std=c11 -Wall -pedantic -Wshadow -Wpointer-arith -Wmissing-prototypes -Wwrite-strings  conftest.c >&5
configure:4774: $? = 0
configure:4774: result: yes
configure:4774: checking for string.h
configure:4774: /usr/bin/cc -c  -O2 -std=c11 -Wall -pedantic -Wshadow -Wpointer-arith -Wmissing-prototypes -Wwrite-strings  conftest.c >&5
configure:4774: $? = 0
configure:4774: result: yes
configure:4774: checking for memory.h
configure:4774: /usr/bin/cc -c  -O2 -std=c11 -Wall -pedantic -Wshadow -Wpointer-arith -Wmissing-prototypes -Wwrite-strings  conftest.c >&5
configure:4774: $? = 0
configure:4774: result: yes
configure:4774: checking for strings.h
configure:4774: /usr/bin/cc -c  -O2 -std=c11 -Wall -pedantic -Wshadow -Wpointer-arith -Wmissing-prototypes -Wwrite-strings  conftest.c >&5
configure:4774: $? = 0
configure:4774: result: yes
configure:4774: checking for inttypes.h
configure:4774: /usr/bin/cc -c  -O2 -std=c11 -Wall -pedantic -Wshadow -Wpointer-arith -Wmissing-prototypes -Wwrite-strings  conftest.c >&5
configure:4774: $? = 0
configure:4774: result: yes
configure:4774: checking for stdint.h
configure:4774: /usr/bin/cc -c  -O2 -std=c11 -Wall -pedantic -Wshadow -Wpointer-arith -Wmissing-prototypes -Wwrite-strings  conftest.c >&5
configure:4774: $? = 0
configure:4774: result: yes
configure:4774: checking for unistd.h
configure:4774: /usr/bin/cc -c  -O2 -std=c11 -Wall -pedantic -Wshadow -Wpointer-arith -Wmissing-prototypes -Wwrite-strings  conftest.c >&5
configure:4774: $? = 0
configure:4774: result: yes
configure:4823: checking size of void *
configure:4828: /usr/bin/cc -o conftest  -O2 -std=c11 -Wall -pedantic -Wshadow -Wpointer-arith -Wmissing-prototypes -Wwrite-strings   conftest.c  >&5
configure:4828: $? = 0
configure:4828: ./conftest
configure:4828: $? = 0
configure:4842: result: 8
configure:4852: checking whether runnable 64 bit binaries are built by default
configure:4909: result: yes
configure:5253: checking which Makefile fragment to use for x86_64-pc-linux-gnu
configure:5350: result: mh-linux
configure:5399: checking for floor in -lm
configure:5424: /usr/bin/cc -o conftest  -O2 -std=c11 -Wall -pedantic -Wshadow -Wpointer-arith -Wmissing-prototypes -Wwrite-strings   conftest.c -lm   >&5
conftest.c:27:6: warning: conflicting types for built-in function 'floor'; expected 'double(double)' [-Wbuiltin-declaration-mismatch]
   27 | char floor ();
      |      ^~~~~
conftest.c:1:1: note: 'floor' is declared in header '<math.h>'
    1 | /* confdefs.h */
configure:5424: $? = 0
configure:5433: result: yes
configure:5449: checking whether to build shared libraries
configure:5464: result: yes
configure:5469: checking whether to build static libraries
configure:5481: result: no
configure:5537: checking whether to enable auto cleanup of libraries
configure:5552: result: no
configure:5591: checking whether to enable draft APIs
configure:5605: result: yes
configure:5656: checking for ranlib
configure:5672: found /usr/bin/ranlib
configure:5683: result: ranlib
configure:5707: checking for a sed that does not truncate output
configure:5771: result: /usr/bin/sed
configure:5821: checking for ar
configure:5837: found /usr/bin/ar
configure:5848: result: ar
configure:5871: checking whether to enable renaming of symbols
configure:5886: result: yes
configure:5890: checking whether to enable function and data tracing
configure:5905: result: no
configure:5912: checking elf.h usability
configure:5912: /usr/bin/cc -c  -O2 -std=c11 -Wall -pedantic -Wshadow -Wpointer-arith -Wmissing-prototypes -Wwrite-strings  conftest.c >&5
configure:5912: $? = 0
configure:5912: result: yes
configure:5912: checking elf.h presence
configure:5912: /usr/bin/cc -E  conftest.c
configure:5912: $? = 0
configure:5912: result: yes
configure:5912: checking for elf.h
configure:5912: result: yes
configure:5955: checking whether to enable dynamic loading of plugins. Ignored if plugins disabled.
configure:5973: result: yes
configure:5980: checking dlfcn.h usability
configure:5980: /usr/bin/cc -c  -O2 -std=c11 -Wall -pedantic -Wshadow -Wpointer-arith -Wmissing-prototypes -Wwrite-strings  conftest.c >&5
configure:5980: $? = 0
configure:5980: result: yes
configure:5980: checking dlfcn.h presence
configure:5980: /usr/bin/cc -E  conftest.c
configure:5980: $? = 0
configure:5980: result: yes
configure:5980: checking for dlfcn.h
configure:5980: result: yes
configure:5991: checking for library containing dlopen
configure:6022: /usr/bin/cc -o conftest  -O2 -std=c11 -Wall -pedantic -Wshadow -Wpointer-arith -Wmissing-prototypes -Wwrite-strings   conftest.c -lm  >&5
configure:6022: $? = 0
configure:6039: result: none required
configure:6049: checking for dlopen
configure:6049: /usr/bin/cc -o conftest  -O2 -std=c11 -Wall -pedantic -Wshadow -Wpointer-arith -Wmissing-prototypes -Wwrite-strings   conftest.c -lm  >&5
configure:6049: $? = 0
configure:6049: result: yes
configure:6069: checking for gettimeofday
configure:6069: /usr/bin/cc -o conftest  -O2 -std=c11 -Wall -pedantic -Wshadow -Wpointer-arith -Wmissing-prototypes -Wwrite-strings   conftest.c -lm  >&5
configure:6069: $? = 0
configure:6069: result: yes
configure:6103: checking if we have a C++ compiler
configure:6116: /usr/bin/c++ -c  -O2  conftest.cpp >&5
/tmp/icu-build/icu/source/configure: line 1651: /usr/bin/c++: No such file or directory
configure:6116: $? = 127
configure: failed program was:
| /* confdefs.h */
| #define PACKAGE_NAME "ICU"
| #define PACKAGE_TARNAME "International Components for Unicode"
| #define PACKAGE_VERSION "73.2"
| #define PACKAGE_STRING "ICU 73.2"
| #define PACKAGE_BUGREPORT "http://icu-project.org/bugs"
| #define PACKAGE_URL "http://icu-project.org"
| #define STDC_HEADERS 1
| #define HAVE_SYS_TYPES_H 1
| #define HAVE_SYS_STAT_H 1
| #define HAVE_STDLIB_H 1
| #define HAVE_STRING_H 1
| #define HAVE_MEMORY_H 1
| #define HAVE_STRINGS_H 1
| #define HAVE_INTTYPES_H 1
| #define HAVE_STDINT_H 1
| #define HAVE_UNISTD_H 1
| #define SIZEOF_VOID_P 8
| #define HAVE_LIBM 1
| #define HAVE_ELF_H 1
| #define HAVE_DLFCN_H 1
| #define HAVE_DLOPEN 1
| #define HAVE_GETTIMEOFDAY 1
| /* end confdefs.h.  */
| 
| int
| main ()
| {
| 
|   ;
|   return 0;
| }
configure:6127: result: no
configure:6129: error: C++ compiler /usr/bin/c++ does not work or no compiler found

## ---------------- ##
## Cache variables. ##
## ---------------- ##

ac_cv_build=x86_64-pc-linux-gnu
ac_cv_c_compiler_gnu=yes
ac_cv_cxx_compiler_gnu=no
ac_cv_env_CCC_set=
ac_cv_env_CCC_value=
ac_cv_env_CC_set=set
ac_cv_env_CC_value=/usr/bin/cc
ac_cv_env_CFLAGS_set=
ac_cv_env_CFLAGS_value=
ac_cv_env_CPPFLAGS_set=
ac_cv_env_CPPFLAGS_value=
ac_cv_env_CPP_set=
ac_cv_env_CPP_value=
ac_cv_env_CXXFLAGS_set=
ac_cv_env_CXXFLAGS_value=
ac_cv_env_CXX_set=set
ac_cv_env_CXX_value=/usr/bin/c++
ac_cv_env_ICULEHB_CFLAGS_set=
ac_cv_env_ICULEHB_CFLAGS_value=
ac_cv_env_ICULEHB_LIBS_set=
ac_cv_env_ICULEHB_LIBS_value=
ac_cv_env_LDFLAGS_set=
ac_cv_env_LDFLAGS_value=
ac_cv_env_LIBS_set=
ac_cv_env_LIBS_value=
ac_cv_env_PKG_CONFIG_LIBDIR_set=
ac_cv_env_PKG_CONFIG_LIBDIR_value=
ac_cv_env_PKG_CONFIG_PATH_set=
ac_cv_env_PKG_CONFIG_PATH_value=
ac_cv_env_PKG_CONFIG_set=
ac_cv_env_PKG_CONFIG_value=
ac_cv_env_build_alias_set=
ac_cv_env_build_alias_value=
ac_cv_env_host_alias_set=
ac_cv_env_host_alias_value=
ac_cv_env_target_alias_set=
ac_cv_env_target_alias_value=
ac_cv_func_dlopen=yes
ac_cv_func_gettimeofday=yes
ac_cv_header_dlfcn_h=yes
ac_cv_header_elf_h=yes
ac_cv_header_inttypes_h=yes
ac_cv_header_memory_h=yes
ac_cv_header_stdc=yes
ac_cv_header_stdint_h=yes
ac_cv_header_stdlib_h=yes
ac_cv_header_string_h=yes
ac_cv_header_strings_h=yes
ac_cv_header_sys_stat_h=yes
ac_cv_header_sys_types_h=yes
ac_cv_header_unistd_h=yes
ac_cv_host=x86_64-pc-linux-gnu
ac_cv_lib_m_floor=yes
ac_cv_objext=o
ac_cv_path_EGREP='/usr/bin/grep -E'
ac_cv_path_GREP=/usr/bin/grep
ac_cv_path_SED=/usr/bin/sed
ac_cv_path_U_MAKE=/usr/bin/gmake
ac_cv_path_ac_pt_PKG_CONFIG=/usr/bin/pkg-config
ac_cv_path_install='/usr/bin/install -c'
ac_cv_prog_CPP='/usr/bin/cc -E'
ac_cv_prog_PYTHON=python3
ac_cv_prog_ac_ct_AR=ar
ac_cv_prog_ac_ct_RANLIB=ranlib
ac_cv_prog_cc_c89=
ac_cv_prog_cc_g=yes
ac_cv_prog_cxx_g=no
ac_cv_search_dlopen='none required'
ac_cv_sizeof_void_p=8
icu_cv_host_frag=mh-linux

## ----------------- ##
## Output variables. ##
## ----------------- ##

AR='ar'
ARFLAGS=''
CC='/usr/bin/cc'
CFLAGS=' -O2 -std=c11 -Wall -pedantic -Wshadow -Wpointer-arith -Wmissing-prototypes -Wwrite-strings'
COMPILE_LINK_ENVVAR=''
CPP='/usr/bin/cc -E'
CPPFLAGS=''
CXX='/usr/bin/c++'
CXXFLAGS=' -O2'
DATA_PACKAGING_MODE=''
DATA_TRUE=''
DEFS=''
DOXYGEN=''
ECHO_C=''
ECHO_N='-n'
ECHO_T=''
EGREP='/usr/bin/grep -E'
ENABLE_DEBUG='0'
ENABLE_RELEASE='1'
ENABLE_RPATH='NO'
ENABLE_SHARED='YES'
ENABLE_STATIC=''
EXEEXT=''
EXTRAS_TRUE=''
FUZZER_TRUE=''
GENCCODE_ASSEMBLY=''
GREP='/usr/bin/grep'
HAVE_MMAP=''
ICUDATA_CHAR=''
ICUIO_TRUE=''
ICULEHB_CFLAGS=''
ICULEHB_LIBS=''
ICULIBSUFFIX=''
ICULIBSUFFIXCNAME=''
ICU_ECHO_C=''
ICU_ECHO_N='-n'
ICU_ECHO_T=''
INSTALL_DATA='${INSTALL} -m 644'
INSTALL_ICU_CONFIG='true'
INSTALL_PROGRAM='${INSTALL}'
INSTALL_SCRIPT='${INSTALL}'
LAYOUTEX_TRUE=''
LDFLAGS=''
LIBCFLAGS=''
LIBCXXFLAGS=''
LIBOBJS=''
LIBS='-lm '
LIB_M=''
LIB_THREAD=''
LIB_VERSION='73.2'
LIB_VERSION_MAJOR='73'
LTLIBOBJS=''
OBJEXT='o'
PACKAGE='icu'
PACKAGE_BUGREPORT='http://icu-project.org/bugs'
PACKAGE_NAME='ICU'
PACKAGE_STRING='ICU 73.2'
PACKAGE_TARNAME='International Components for Unicode'
PACKAGE_URL='http://icu-project.org'
PACKAGE_VERSION='73.2'
PATH_SEPARATOR=':'
PKG_CONFIG='/usr/bin/pkg-config'
PKG_CONFIG_LIBDIR=''
PKG_CONFIG_PATH=''
PLUGINS_TRUE='#'
PYTHON='python3'
RANLIB='ranlib'
SAMPLES_TRUE=''
SED='/usr/bin/sed'
SHELL='/bin/sh'
TESTS_TRUE=''
TOOLS_TRUE=''
UCLN_NO_AUTO_CLEANUP='1'
UCONFIG_CFLAGS=''
UCONFIG_CPPFLAGS=''
UCONFIG_CXXFLAGS=''
UNICODE_VERSION='15.0'
U_DEFAULT_SHOW_DRAFT='1'
U_DISABLE_RENAMING='0'
U_ENABLE_DYLOAD='1'
U_ENABLE_TRACING='0'
U_HAVE_DATA=''
U_HAVE_DIRENT_H=''
U_HAVE_EXTRAS=''
U_HAVE_FUZZER=''
U_HAVE_ICUIO=''
U_HAVE_INTTYPES_H=''
U_HAVE_LAYOUTEX=''
U_HAVE_LIB_SUFFIX=''
U_HAVE_NL_LANGINFO_CODESET=''
U_HAVE_PLACEMENT_NEW=''
U_HAVE_PLUGINS='0'
U_HAVE_POPEN=''
U_HAVE_SAMPLES=''
U_HAVE_STRTOD_L=''
U_HAVE_TESTS=''
U_HAVE_TIMEZONE=''
U_HAVE_TOOLS=''
U_HAVE_TZNAME=''
U_HAVE_TZSET=''
U_HAVE_WCHAR_H=''
U_HAVE_WCSCPY=''
U_IS_BIG_ENDIAN=''
U_MAKE='/usr/bin/gmake'
U_NL_LANGINFO_CODESET=''
U_OVERRIDE_CXX_ALLOCATION=''
U_TIMEZONE=''
U_TZNAME=''
U_TZSET=''
VERSION='73.2'
ac_ct_CC=''
ac_ct_CXX=''
bindir='${exec_prefix}/bin'
build='x86_64-pc-linux-gnu'
build_alias=''
build_cpu='x86_64'
build_os='linux-gnu'
build_vendor='pc'
cross_buildroot=''
cross_compiling='no'
datadir='${datarootdir}'
datarootdir='${prefix}/share'
docdir='${datarootdir}/doc/${PACKAGE_TARNAME}'
dvidir='${docdir}'
exec_prefix='NONE'
host='x86_64-pc-linux-gnu'
host_alias=''
host_cpu='x86_64'
host_os='linux-gnu'
host_vendor='pc'
htmldir='${docdir}'
includedir='${prefix}/include'
infodir='${datarootdir}/info'
libdir='${exec_prefix}/lib'
libexecdir='${exec_prefix}/libexec'
localedir='${datarootdir}/locale'
localstatedir='${prefix}/var'
mandir='${datarootdir}/man'
oldincludedir='/usr/include'
pdfdir='${docdir}'
pkgicudatadir=''
platform=''
platform_make_fragment=''
platform_make_fragment_name=''
prefix='/tmp/icu-build/icu-dist'
program_transform_name='s,x,x,'
psdir='${docdir}'
runstatedir='${localstatedir}/run'
sbindir='${exec_prefix}/sbin'
sharedstatedir='${prefix}/com'
sysconfdir='${prefix}/etc'
target_alias=''
thepkgicudatadir=''

## ----------- ##
## confdefs.h. ##
## ----------- ##

/* confdefs.h */
#define PACKAGE_NAME "ICU"
#define PACKAGE_TARNAME "International Components for Unicode"
#define PACKAGE_VERSION "73.2"
#define PACKAGE_STRING "ICU 73.2"
#define PACKAGE_BUGREPORT "http://icu-project.org/bugs"
#define PACKAGE_URL "http://icu-project.org"
#define STDC_HEADERS 1
#define HAVE_SYS_TYPES_H 1
#define HAVE_SYS_STAT_H 1
#define HAVE_STDLIB_H 1
#define HAVE_STRING_H 1
#define HAVE_MEMORY_H 1
#define HAVE_STRINGS_H 1
#define HAVE_INTTYPES_H 1
#define HAVE_STDINT_H 1
#define HAVE_UNISTD_H 1
#define SIZEOF_VOID_P 8
#define HAVE_LIBM 1
#define HAVE_ELF_H 1
#define HAVE_DLFCN_H 1
#define HAVE_DLOPEN 1
#define HAVE_GETTIMEOFDAY 1

configure: exit 1
