[2026-04-08 19:32:14] [INFO] [Configuration] Configuração carregada: /home/jvanery/Projects/RAC - Registros Alto Custo/data/config.json
[2026-04-08 19:32:14] [INFO] [Configuration] Tema alterado para: dark
[2026-04-08 19:32:14] [INFO] [Database] RACDatabase inicializado - 114 itens no catálogo
[2026-04-08 19:32:14] [INFO] [User Interface] RAC inicializado com sucesso
[2026-04-08 19:32:31] [INFO] [Configuration] Configuração salva: /home/jvanery/Projects/RAC - Registros Alto Custo/data/config.json
[2026-04-08 19:32:31] [INFO] [Database] Backup de registros criado: /home/jvanery/Projects/RAC - Registros Alto Custo/data/backups/registros_20260408_193231.db
[2026-04-08 19:32:31] [INFO] [Database] RACDatabase conexão fechada
[2026-04-08 19:33:30] [INFO] [Configuration] Configuração carregada: /home/jvanery/Projects/RAC - Registros Alto Custo/data/config.json
[2026-04-08 19:33:30] [INFO] [Configuration] Tema alterado para: dark
[2026-04-08 19:33:30] [INFO] [Database] RACDatabase inicializado - 114 itens no catálogo
[2026-04-08 19:33:31] [INFO] [User Interface] RAC inicializado com sucesso
[2026-04-08 19:33:45] [INFO] [Configuration] Configuração salva: /home/jvanery/Projects/RAC - Registros Alto Custo/data/config.json
[2026-04-08 19:33:45] [INFO] [Database] Backup de registros criado: /home/jvanery/Projects/RAC - Registros Alto Custo/data/backups/registros_20260408_193345.db
[2026-04-08 19:33:45] [INFO] [Database] RACDatabase conexão fechada
[2026-04-08 19:38:26] [INFO] [Configuration] Configuração carregada: /home/jvanery/Projects/RAC - Registros Alto Custo/data/config.json
[2026-04-08 19:38:26] [INFO] [Configuration] Tema alterado para: dark
[2026-04-08 19:38:26] [INFO] [Database] RACDatabase inicializado - 114 itens no catálogo
[2026-04-08 19:38:26] [INFO] [User Interface] RAC inicializado com sucesso
[2026-04-08 19:53:24] [INFO] [Configuration] Configuração carregada: /home/jvanery/Projects/RAC - Registros Alto Custo/data/config.json
[2026-04-08 19:53:24] [INFO] [Configuration] Tema alterado para: dark
[2026-04-08 19:53:24] [INFO] [Database] RACDatabase inicializado - 114 itens no catálogo
[2026-04-08 19:53:24] [INFO] [User Interface] RAC web app inicializado
[2026-04-08 20:00:59] [INFO] [Configuration] Configuração salva: /home/jvanery/Projects/RAC - Registros Alto Custo/data/config.json
[2026-04-08 20:00:59] [INFO] [Configuration] Configuração salva: /home/jvanery/Projects/RAC - Registros Alto Custo/data/config.json
[2026-04-08 20:00:59] [INFO] [Database] Backup de registros criado: /home/jvanery/Projects/RAC - Registros Alto Custo/data/backups/registros_20260408_200059.db
[2026-04-08 20:00:59] [INFO] [Database] RACDatabase conexão fechada
[2026-04-08 20:01:32] [INFO] [Configuration] Configuração carregada: /home/jvanery/Projects/RAC - Registros Alto Custo/data/config.json
[2026-04-08 20:01:32] [INFO] [Configuration] Tema alterado para: dark
[2026-04-08 20:01:32] [INFO] [Database] RACDatabase inicializado - 114 itens no catálogo
[2026-04-08 20:01:32] [INFO] [User Interface] RAC web app inicializado
[2026-04-08 20:03:38] [INFO] [Configuration] Configuração carregada: /home/jvanery/Projects/RAC - Registros Alto Custo/data/config.json
[2026-04-08 20:03:38] [INFO] [Configuration] Tema alterado para: dark
[2026-04-08 20:03:38] [INFO] [Database] RACDatabase inicializado - 114 itens no catálogo
[2026-04-08 20:03:38] [INFO] [User Interface] RAC web app inicializado
[2026-04-08 20:20:39] [INFO] [Configuration] Configuração carregada: /home/jvanery/Projects/RAC - Registros Alto Custo/data/config.json
[2026-04-08 20:20:39] [INFO] [Configuration] Tema alterado para: dark
[2026-04-08 20:20:39] [INFO] [Database] RACDatabase inicializado - 114 itens no catálogo
[2026-04-08 20:20:39] [INFO] [User Interface] RAC web app inicializado
[2026-04-08 20:29:09] [INFO] [Configuration] Configuração carregada: /home/jvanery/Projects/RAC - Registros Alto Custo/data/config.json
[2026-04-08 20:29:09] [INFO] [Configuration] Tema alterado para: dark
[2026-04-08 20:29:09] [INFO] [Database] RACDatabase inicializado - 114 itens no catálogo
[2026-04-08 20:29:09] [INFO] [User Interface] RAC web app inicializado
[2026-04-08 20:30:34] [INFO] [Configuration] Configuração carregada: /home/jvanery/Projects/RAC - Registros Alto Custo/data/config.json
[2026-04-08 20:30:34] [INFO] [Configuration] Tema alterado para: dark
[2026-04-08 20:30:34] [INFO] [Database] RACDatabase inicializado - 114 itens no catálogo
[2026-04-08 20:30:34] [INFO] [User Interface] RAC web app inicializado
[2026-04-08 20:34:20] [INFO] [Configuration] Configuração carregada: /home/jvanery/Projects/RAC - Registros Alto Custo/data/config.json
[2026-04-08 20:34:20] [INFO] [Configuration] Tema alterado para: dark
[2026-04-08 20:34:20] [INFO] [Database] RACDatabase inicializado - 114 itens no catálogo
[2026-04-08 20:34:20] [INFO] [User Interface] RAC web app inicializado
[2026-04-08 20:36:15] [INFO] [Configuration] Configuração carregada: /home/jvanery/Projects/RAC - Registros Alto Custo/data/config.json
[2026-04-08 20:36:15] [INFO] [Configuration] Tema alterado para: dark
[2026-04-08 20:36:15] [INFO] [Database] RACDatabase inicializado - 114 itens no catálogo
[2026-04-08 20:36:15] [INFO] [User Interface] RAC web app inicializado
